This file contains any messages produced by compilers while
running configure, to aid debugging if configure makes a mistake.

configure:556: checking for a BSD compatible install
configure:609: checking whether build environment is sane
configure:666: checking whether make sets ${MAKE}
configure:712: checking for working aclocal
configure:725: checking for working autoconf
configure:738: checking for working automake
configure:751: checking for working autoheader
configure:764: checking for working makeinfo
configure:781: checking for gcc
configure:894: checking whether the C compiler (gcc  ) works
configure:910: gcc -o conftest    conftest.c  1>&5
configure:936: checking whether the C compiler (gcc  ) is a cross-compiler
configure:941: checking whether we are using GNU C
configure:969: checking whether gcc accepts -g
configure:1001: checking how to run the C preprocessor
configure:1082: checking for minix/config.h
configure:1130: checking whether make sets ${MAKE}
configure:1158: checking whether gcc needs -traditional
configure:1215: checking for a BSD compatible install
configure:1270: checking for ANSI C header files
configure:1377: checking for fcntl.h
configure:1377: checking for sys/ioctl.h
configure:1377: checking for sys/time.h
configure:1377: checking for unistd.h
configure:1418: checking for socket
configure:1418: checking for strerror
configure:1418: checking for strtol
